d:\zhangh-t\gcmp\gcmp\gcompare\src\gdbcompare\debug\qrc_gdbcompare.obj
d:\zhangh-t\gcmp\gcmp\gcompare\src\gdbcompare\debug\vc100.pdb
d:\zhangh-t\gcmp\gcmp\gcompare\src\gdbcompare\debug\gdbcompare.obj
d:\zhangh-t\gcmp\gcmp\gcompare\src\gdbcompare\debug\main.obj
d:\zhangh-t\gcmp\gcmp\gcompare\src\gdbcompare\debug\gcmpframelesswidget.obj
d:\zhangh-t\gcmp\gcmp\gcompare\src\gdbcompare\debug\moc_gcmpframelesswidget.obj
d:\zhangh-t\gcmp\gcmp\gcompare\src\gdbcompare\debug\moc_gdbcompare.obj
d:\zhangh-t\gcmp\gcmp\gcompare\src\gdbcompare\generatedfiles\debug\moc_gdbcompare.cpp
d:\zhangh-t\gcmp\gcmp\gcompare\src\gdbcompare\generatedfiles\debug\moc_gcmpframelesswidget.cpp
d:\zhangh-t\gcmp\gcmp\bin\gdbcompared.ilk
d:\zhangh-t\gcmp\gcmp\bin\gdbcompared.exe
d:\zhangh-t\gcmp\gcmp\gcompare\src\gdbcompare\debug\gdbcompared.exe.intermediate.manifest
d:\zhangh-t\gcmp\gcmp\bin\gdbcompared.pdb
d:\zhangh-t\gcmp\gcmp\gcompare\src\gdbcompare\debug\cl.command.1.tlog
d:\zhangh-t\gcmp\gcmp\gcompare\src\gdbcompare\debug\cl.read.1.tlog
d:\zhangh-t\gcmp\gcmp\gcompare\src\gdbcompare\debug\cl.write.1.tlog
d:\zhangh-t\gcmp\gcmp\gcompare\src\gdbcompare\debug\custombuild.command.1.tlog
d:\zhangh-t\gcmp\gcmp\gcompare\src\gdbcompare\debug\custombuild.read.1.tlog
d:\zhangh-t\gcmp\gcmp\gcompare\src\gdbcompare\debug\custombuild.write.1.tlog
d:\zhangh-t\gcmp\gcmp\gcompare\src\gdbcompare\debug\link.command.1.tlog
d:\zhangh-t\gcmp\gcmp\gcompare\src\gdbcompare\debug\link.read.1.tlog
d:\zhangh-t\gcmp\gcmp\gcompare\src\gdbcompare\debug\link.write.1.tlog
d:\zhangh-t\gcmp\gcmp\gcompare\src\gdbcompare\debug\mt.command.1.tlog
d:\zhangh-t\gcmp\gcmp\gcompare\src\gdbcompare\debug\mt.read.1.tlog
d:\zhangh-t\gcmp\gcmp\gcompare\src\gdbcompare\debug\mt.write.1.tlog
d:\zhangh-t\gcmp\gcmp\gcompare\src\gdbcompare\debug\vc100.idb
d:\zhangh-t\gcmp\gcmp\gcompare\src\gdbcompare\debug\vc100_ib_1.pdb
d:\zhangh-t\gcmp\gcmp\gcompare\src\gdbcompare\debug\vc100_ib_2.pdb
d:\zhangh-t\gcmp\gcmp\gcompare\src\gdbcompare\debug\vc100_ib_4.pdb
d:\zhangh-t\gcmp\gcmp\gcompare\src\gdbcompare\debug\vc100_ib_5.pdb
d:\zhangh-t\gcmp\gcmp\gcompare\sln\..\..\bin\gdbcompared.pdb
d:\zhangh-t\gcmp\gcmp\gcompare\sln\..\..\bin\gdbcompared.exe
d:\zhangh-t\gcmp\gcmp\gcompare\sln\..\..\bin\gdbcompared.ilk
