生成启动时间为 2016/3/8 21:11:32。
     1>项目“D:\zhangh-t\svn-SourceCode\GCompare\src\GCMPCopy\GCMPCopy.vcxproj”在节点 2 上(rebuild 个目标)。
     1>_PrepareForClean:
         正在删除文件“Debug\GCMPCopy.lastbuildstate”。
       InitializeBuildStatus:
         正在创建“Debug\GCMPCopy.unsuccessfulbuild”，因为已指定“AlwaysCreate”。
       PreBuildEvent:
         /cstep C:\Program Files (x86)\Xoreax\IncrediBuild\temp\cstep_{AFF07549-BBAD-4E14-8B2B-43592EB35515}.bat CopyAllDebug.cmd /msg "Performing Pre-Build Event"
         :VCEnd
         {{xgTaskID=00000006}}
         已复制         1 个文件。
         已复制         1 个文件。
         已复制         1 个文件。
         系统找不到指定的文件。
         已复制         1 个文件。
         已复制         1 个文件。
         系统找不到指定的文件。
         已复制         1 个文件。
         已复制         1 个文件。
         系统找不到指定的文件。
         已复制         1 个文件。
         已复制         1 个文件。
         系统找不到指定的文件。
         已复制         1 个文件。
         已复制         1 个文件。
         系统找不到指定的文件。
         已复制         1 个文件。
         已复制         1 个文件。
         系统找不到指定的文件。
         已复制         1 个文件。
         已复制         1 个文件。
         系统找不到指定的文件。
         已复制         1 个文件。
         已复制         1 个文件。
         系统找不到指定的文件。
         已复制         1 个文件。
         已复制         1 个文件。
         系统找不到指定的文件。
         已复制         1 个文件。
         已复制         1 个文件。
         系统找不到指定的文件。
         已复制         1 个文件。
         已复制         1 个文件。
         系统找不到指定的文件。
         已复制         1 个文件。
         已复制         1 个文件。
         系统找不到指定的文件。
         已复制         1 个文件。
         已复制         1 个文件。
         已复制         1 个文件。
         已复制         1 个文件。
         系统找不到指定的文件。
         已复制         1 个文件。
         已复制         1 个文件。
         已复制         1 个文件。
         已复制         1 个文件。
         系统找不到指定的文件。
         已复制         1 个文件。
         已复制         1 个文件。
         系统找不到指定的文件。
         已复制         1 个文件。
         已复制         1 个文件。
         已复制         1 个文件。
         已复制         1 个文件。
         已复制         1 个文件。
         已复制         1 个文件。
         已复制         1 个文件。
         已复制         1 个文件。
         已复制         1 个文件。
         已复制         1 个文件。
         已复制         1 个文件。
         已复制         1 个文件。
         已复制         1 个文件。
         已复制         1 个文件。
         已复制         1 个文件。
         已复制         1 个文件。
         已复制         1 个文件。
         已复制         1 个文件。
         已复制         1 个文件。
         已复制         1 个文件。
         已复制         1 个文件。
         已复制         1 个文件。
         已复制         1 个文件。
         已复制         1 个文件。
         已复制         1 个文件。
         已复制         1 个文件。
         已复制         1 个文件。
         "----------公共资源拷贝-----------------"
         已复制         1 个文件。
         已复制         1 个文件。
         已复制         1 个文件。
         已复制         1 个文件。
         已复制         1 个文件。
         已复制         1 个文件。
         已复制         1 个文件。
         已复制         1 个文件。
         已复制         1 个文件。
         已复制         1 个文件。
         已复制         1 个文件。
         已复制         1 个文件。
         已复制         1 个文件。
         已复制         1 个文件。
         已复制         1 个文件。
         已复制         1 个文件。
         已复制         1 个文件。
         已复制         1 个文件。
         已复制         1 个文件。
         已复制         1 个文件。
         已复制         1 个文件。
         已复制         1 个文件。
         已复制         1 个文件。
         已复制         1 个文件。
         已复制         1 个文件。
         已复制         1 个文件。
         已复制         1 个文件。
         已复制         1 个文件。
         已复制         1 个文件。
         已复制         1 个文件。
         已复制         1 个文件。
         已复制         1 个文件。
         已复制         1 个文件。
         已复制         1 个文件。
         已复制         1 个文件。
         已复制         1 个文件。
         已复制         1 个文件。
         已复制         1 个文件。
         已复制         1 个文件。
         已复制         1 个文件。
         已复制         1 个文件。
         已复制         1 个文件。
         系统找不到指定的文件。
         系统找不到指定的文件。
         已复制         1 个文件。
         已复制         1 个文件。
         已复制         1 个文件。
         已复制         1 个文件。
         系统找不到指定的路径。
         已复制         1 个文件。
         已复制         1 个文件。
         已复制         1 个文件。
         "------------Teigha: Dll拷贝-----------------"
         目标路径: ..\..\..\Bin\
         Teigha路径: "..\..\..\Externals\Teigha\exe\vc10dlldbg\"
         已复制         1 个文件。
         已复制         1 个文件。
         已复制         1 个文件。
         已复制         1 个文件。
         已复制         1 个文件。
         已复制         1 个文件。
         已复制         1 个文件。
         已复制         1 个文件。
         已复制         1 个文件。
         已复制         1 个文件。
         已复制         1 个文件。
         已复制         1 个文件。
         已复制         1 个文件。
         系统找不到指定的文件。
         已复制         1 个文件。
         已复制         1 个文件。
         已复制         1 个文件。
         已复制         1 个文件。
         已复制         1 个文件。
         系统找不到指定的文件。
         系统找不到指定的文件。
         系统找不到指定的文件。
         系统找不到指定的文件。
         系统找不到指定的文件。
         系统找不到指定的文件。
         系统找不到指定的文件。
         系统找不到指定的文件。
         系统找不到指定的文件。
         系统找不到指定的文件。
         系统找不到指定的文件。
         系统找不到指定的文件。
         已复制         1 个文件。
         {{xgTaskID=00000000}}
       FinalizeBuildStatus:
         正在删除文件“Debug\GCMPCopy.unsuccessfulbuild”。
         正在对“Debug\GCMPCopy.lastbuildstate”执行 Touch 任务。
     1>已完成生成项目“D:\zhangh-t\svn-SourceCode\GCompare\src\GCMPCopy\GCMPCopy.vcxproj”(rebuild 个目标)的操作。

生成成功。

已用时间 00:00:39.26
