d:\zhangh-t\gcmp\gcmp\gcompare\src\ggdbextend\debug\dllmain.obj
d:\zhangh-t\gcmp\gcmp\gcompare\src\ggdbextend\debug\vc100.pdb
d:\zhangh-t\gcmp\gcmp\gcompare\src\ggdbextend\debug\gcmpggdbresult.obj
d:\zhangh-t\gcmp\gcmp\gcompare\src\ggdbextend\debug\gcmpdbextend.obj
d:\zhangh-t\gcmp\gcmp\gcompare\src\ggdbextend\debug\ggdbextendcommon.obj
d:\zhangh-t\gcmp\gcmp\lib\win32\ggdbextendd.lib
d:\zhangh-t\gcmp\gcmp\lib\win32\ggdbextendd.exp
d:\zhangh-t\gcmp\gcmp\bin\ggdbextendd.ilk
d:\zhangh-t\gcmp\gcmp\bin\ggdbextendd.dll
d:\zhangh-t\gcmp\gcmp\gcompare\src\ggdbextend\debug\ggdbextendd.dll.intermediate.manifest
d:\zhangh-t\gcmp\gcmp\bin\ggdbextendd.pdb
d:\zhangh-t\gcmp\gcmp\gcompare\src\ggdbextend\debug\cl.command.1.tlog
d:\zhangh-t\gcmp\gcmp\gcompare\src\ggdbextend\debug\cl.read.1.tlog
d:\zhangh-t\gcmp\gcmp\gcompare\src\ggdbextend\debug\cl.write.1.tlog
d:\zhangh-t\gcmp\gcmp\gcompare\src\ggdbextend\debug\ggdbextend.write.1.tlog
d:\zhangh-t\gcmp\gcmp\gcompare\src\ggdbextend\debug\link.command.1.tlog
d:\zhangh-t\gcmp\gcmp\gcompare\src\ggdbextend\debug\link.read.1.tlog
d:\zhangh-t\gcmp\gcmp\gcompare\src\ggdbextend\debug\link.write.1.tlog
d:\zhangh-t\gcmp\gcmp\gcompare\src\ggdbextend\debug\mt.command.1.tlog
d:\zhangh-t\gcmp\gcmp\gcompare\src\ggdbextend\debug\mt.read.1.tlog
d:\zhangh-t\gcmp\gcmp\gcompare\src\ggdbextend\debug\mt.write.1.tlog
d:\zhangh-t\gcmp\gcmp\gcompare\src\ggdbextend\debug\vc100.idb
d:\zhangh-t\gcmp\gcmp\gcompare\src\ggdbextend\debug\vc100_ib_1.pdb
d:\zhangh-t\gcmp\gcmp\gcompare\src\ggdbextend\debug\vc100_ib_2.pdb
d:\zhangh-t\gcmp\gcmp\gcompare\src\ggdbextend\debug\vc100_ib_3.pdb
d:\zhangh-t\gcmp\gcmp\gcompare\src\ggdbextend\debug\vc100_ib_4.pdb
d:\zhangh-t\gcmp\gcmp\gcompare\sln\..\..\bin\ggdbextendd.pdb
d:\zhangh-t\gcmp\gcmp\gcompare\sln\..\..\bin\ggdbextendd.dll
d:\zhangh-t\gcmp\gcmp\gcompare\sln\..\..\bin\ggdbextendd.ilk
